<?xml version="1.0" encoding="UTF-8"?>
<!-- Generated by org.testng.reporters.JUnitXMLReporter -->
<testsuite ignored="0" hostname="Sasi" failures="0" tests="6" name="Test" time="8.501" errors="0" timestamp="19 Mar 2023 10:17:11 GMT">
  <testcase classname="TestRunner.Login_Func" name="login_Scenario_1" time="0.207"/>
  <testcase classname="TestRunner.Login_Func" name="login_Scenario_2" time="0.164"/>
  <testcase classname="TestRunner.Login_Func" name="login_Scenario_3" time="0.172"/>
  <testcase classname="TestRunner.Login_Func" name="login_Scenario_4" time="0.153"/>
  <testcase classname="TestRunner.HomePageText" name="logoText" time="0.021"/>
  <testcase classname="TestRunner.HomePageText" name="textInHome" time="0.04"/>
</testsuite> <!-- Test -->
