<?xml version="1.0" encoding="UTF-8"?>
<!-- Generated by org.testng.reporters.JUnitXMLReporter -->
<testsuite ignored="1" hostname="Sasi" failures="0" tests="2" name="Test1" time="3.958" errors="0" timestamp="2023-04-16T16:29:35 IST">
  <testcase classname="TestRunner.HomePageText" name="textInHome" time="0.049"/>
  <testcase classname="TestRunner.AddToCart" name="productAddToCart" time="0.396"/>
  <testcase classname="TestRunner.HomePageText" name="logoText" time="0.0">
    <ignored/>
  </testcase> <!-- logoText -->
</testsuite> <!-- Test1 -->
