<?xml version="1.0" encoding="UTF-8"?>
<!-- Generated by org.testng.reporters.JUnitXMLReporter -->
<testsuite ignored="1" hostname="Sasi" failures="0" tests="10" name="Test" time="20.944" errors="0" timestamp="16 Apr 2023 15:19:01 GMT">
  <testcase classname="TestRunner.Sorting" name="sorting_Name_A_Z" time="0.126"/>
  <testcase classname="TestRunner.Sorting" name="sorting_Name_Z_A" time="0.167"/>
  <testcase classname="TestRunner.Sorting" name="sorting_Price_High_Low" time="0.2"/>
  <testcase classname="TestRunner.Sorting" name="sorting_Price_Low_High" time="0.175"/>
  <testcase classname="TestRunner.Login_Func" name="login_Scenario_1" time="0.334"/>
  <testcase classname="TestRunner.Login_Func" name="login_Scenario_2" time="0.276"/>
  <testcase classname="TestRunner.Login_Func" name="login_Scenario_3" time="0.264"/>
  <testcase classname="TestRunner.Login_Func" name="login_Scenario_4" time="0.254"/>
  <testcase classname="TestRunner.HomePageText" name="textInHome" time="0.048"/>
  <testcase classname="TestRunner.Inventory" name="productAddToCart" time="0.437"/>
  <testcase classname="TestRunner.HomePageText" name="logoText" time="0.0">
    <ignored/>
  </testcase> <!-- logoText -->
</testsuite> <!-- Test -->
