<?xml version="1.0" encoding="UTF-8"?>
<!-- Generated by org.testng.reporters.JUnitXMLReporter -->
<testsuite ignored="1" hostname="Sasi" failures="0" tests="2" name="Test1" time="3.274" errors="0" timestamp="16 Apr 2023 11:55:09 GMT">
  <testcase classname="TestRunner.HomePageText" name="textInHome" time="0.052"/>
  <testcase classname="TestRunner.Inventory" name="productAddToCart" time="0.427"/>
  <testcase classname="TestRunner.HomePageText" name="logoText" time="0.0">
    <ignored/>
  </testcase> <!-- logoText -->
</testsuite> <!-- Test1 -->
