<?xml version="1.0" encoding="UTF-8"?>
<!-- Generated by org.testng.reporters.JUnitXMLReporter -->
<testsuite ignored="0" hostname="Sasi" failures="0" tests="6" name="Test" time="9.698" errors="0" timestamp="19 Mar 2023 10:27:29 GMT">
  <testcase classname="TestRunner.Login_Func" name="login_Scenario_1" time="0.258"/>
  <testcase classname="TestRunner.Login_Func" name="login_Scenario_2" time="0.236"/>
  <testcase classname="TestRunner.Login_Func" name="login_Scenario_3" time="0.247"/>
  <testcase classname="TestRunner.Login_Func" name="login_Scenario_4" time="0.23"/>
  <testcase classname="TestRunner.HomePageText" name="logoText" time="0.039"/>
  <testcase classname="TestRunner.HomePageText" name="textInHome" time="0.054"/>
</testsuite> <!-- Test -->
