<?xml version="1.0" encoding="UTF-8"?>
<testsuite xmlns:xsi="http://www.w3.org/2001/XMLSchema-instance" xsi:schemaLocation="https://maven.apache.org/surefire/maven-surefire-plugin/xsd/surefire-test-report.xsd" name="TestSuite" time="21.893" tests="10" errors="0" skipped="0" failures="0">
  <properties>
[...]
</properties>
  <testcase name="sorting_Name_A_Z" classname="TestRunner.Sorting" time="0.132"/>
  <testcase name="sorting_Name_Z_A" classname="TestRunner.Sorting" time="0.168"/>
  <testcase name="sorting_Price_High_Low" classname="TestRunner.Sorting" time="0.2"/>
  <testcase name="sorting_Price_Low_High" classname="TestRunner.Sorting" time="0.176"/>
  <testcase name="login_Scenario_1" classname="TestRunner.Login_Func" time="0.336"/>
  <testcase name="login_Scenario_2" classname="TestRunner.Login_Func" time="0.276"/>
  <testcase name="login_Scenario_3" classname="TestRunner.Login_Func" time="0.265"/>
  <testcase name="login_Scenario_4" classname="TestRunner.Login_Func" time="0.255"/>
  <testcase name="textInHome" classname="TestRunner.HomePageText" time="0.048"/>
  <testcase name="productAddToCart" classname="TestRunner.Inventory" time="0.437"/>
</testsuite>